<?xml version="1.0" encoding="UTF-8"?>
<testsuite xmlns:xsi="http://www.w3.org/2001/XMLSchema-instance" xsi:noNamespaceSchemaLocation="https://maven.apache.org/surefire/maven-surefire-plugin/xsd/surefire-test-report.xsd" name="ru.netology.radiost.RadiostationTest" time="0.07" tests="22" errors="0" skipped="0" failures="0">
  <properties>
[...]
</properties>
  <testcase name="volumeMax" classname="ru.netology.radiost.RadiostationTest" time="0.039"/>
  <testcase name="stationOfLowerBorder" classname="ru.netology.radiost.RadiostationTest" time="0"/>
  <testcase name="buttonPrevFromZero" classname="ru.netology.radiost.RadiostationTest" time="0.006"/>
  <testcase name="ifCurrentStationLessThanZero" classname="ru.netology.radiost.RadiostationTest" time="0"/>
  <testcase name="volumeZero" classname="ru.netology.radiost.RadiostationTest" time="0"/>
  <testcase name="stationBelowMax" classname="ru.netology.radiost.RadiostationTest" time="0"/>
  <testcase name="volumeBelowMax" classname="ru.netology.radiost.RadiostationTest" time="0"/>
  <testcase name="ifCurrentVolumeLessThanZero" classname="ru.netology.radiost.RadiostationTest" time="0"/>
  <testcase name="volumeOnOne" classname="ru.netology.radiost.RadiostationTest" time="0"/>
  <testcase name="shouldSetStation" classname="ru.netology.radiost.RadiostationTest" time="0.008"/>
  <testcase name="stationOfMaxBorder" classname="ru.netology.radiost.RadiostationTest" time="0.003"/>
  <testcase name="stationFirst" classname="ru.netology.radiost.RadiostationTest" time="0"/>
  <testcase name="stationMax" classname="ru.netology.radiost.RadiostationTest" time="0"/>
  <testcase name="ifCurrentVolumeMoreThanTen" classname="ru.netology.radiost.RadiostationTest" time="0"/>
  <testcase name="buttonPrevVolumeFromLowerBorder" classname="ru.netology.radiost.RadiostationTest" time="0"/>
  <testcase name="volumeUpToMax" classname="ru.netology.radiost.RadiostationTest" time="0"/>
  <testcase name="buttonPrevVolumeFromUpperBorder" classname="ru.netology.radiost.RadiostationTest" time="0"/>
  <testcase name="stationZero" classname="ru.netology.radiost.RadiostationTest" time="0"/>
  <testcase name="buttonPrevStation" classname="ru.netology.radiost.RadiostationTest" time="0"/>
  <testcase name="ifCurrentStationMoreThanNine" classname="ru.netology.radiost.RadiostationTest" time="0"/>
  <testcase name="buttonPrevVolumeFromZero" classname="ru.netology.radiost.RadiostationTest" time="0"/>
  <testcase name="buttonPrevVolume" classname="ru.netology.radiost.RadiostationTest" time="0"/>
</testsuite>